<?xml version="1.0" encoding="UTF-8"?>
<!-- Generated by org.testng.reporters.JUnitXMLReporter -->
<testsuite hostname="LAPTOP-5F10D1SQ" ignored="1" name="Default test" tests="1" failures="0" timestamp="02 Sep 2021 17:37:01 GMT" time="4.081" errors="0">
  <testcase name="validateSignIn" time="0.905" classname="com.litecart.test.LoginTest"/>
  <testcase name="verifyLogo" time="0.0" classname="com.litecart.test.LoginTest">
    <ignored/>
  </testcase> <!-- verifyLogo -->
</testsuite> <!-- Default test -->
